<?xml version="1.0" ?>
<!DOCTYPE coverage SYSTEM "http://cobertura.sourceforge.net/xml/coverage-04.dtd">
<coverage lines-valid="670" lines-covered="670" line-rate="1" branches-valid="318" branches-covered="317" branch-rate="0.9969" timestamp="1631774181157" complexity="0" version="0.1">
  <sources>
    <source>/Users/ruangguru/go/src/gitlab.com/ruangguru/proto-parser</source>
  </sources>
  <packages>
    <package name="proto-parser" line-rate="1" branch-rate="1">
      <classes>
        <class name="index.js" filename="index.js" line-rate="1" branch-rate="1">
          <methods>
            <method name="parse" hits="40" signature="()V">
              <lines>
                <line number="4" hits="40"/>
              </lines>
            </method>
          </methods>
          <lines>
            <line number="1" hits="1" branch="false"/>
            <line number="2" hits="1" branch="false"/>
            <line number="5" hits="40" branch="false"/>
            <line number="6" hits="40" branch="false"/>
            <line number="7" hits="26" branch="false"/>
            <line number="8" hits="26" branch="false"/>
            <line number="10" hits="14" branch="false"/>
            <line number="11" hits="14" branch="false"/>
            <line number="13" hits="14" branch="true" condition-coverage="100% (2/2)"/>
            <line number="14" hits="10" branch="false"/>
            <line number="17" hits="14" branch="false"/>
            <line number="26" hits="1" branch="false"/>
          </lines>
        </class>
      </classes>
    </package>
    <package name="proto-parser.src" line-rate="1" branch-rate="0.9968">
      <classes>
        <class name="construct.js" filename="src/construct.js" line-rate="1" branch-rate="1">
          <methods>
            <method name="setWeekResolve" hits="24" signature="()V">
              <lines>
                <line number="9" hits="24"/>
              </lines>
            </method>
            <method name="(anonymous_1)" hits="135" signature="()V">
              <lines>
                <line number="14" hits="135"/>
              </lines>
            </method>
            <method name="(anonymous_2)" hits="28" signature="()V">
              <lines>
                <line number="32" hits="28"/>
              </lines>
            </method>
            <method name="(anonymous_3)" hits="106" signature="()V">
              <lines>
                <line number="51" hits="106"/>
              </lines>
            </method>
            <method name="(anonymous_4)" hits="79" signature="()V">
              <lines>
                <line number="65" hits="79"/>
              </lines>
            </method>
            <method name="(anonymous_5)" hits="99" signature="()V">
              <lines>
                <line number="69" hits="99"/>
              </lines>
            </method>
            <method name="(anonymous_6)" hits="101" signature="()V">
              <lines>
                <line number="74" hits="101"/>
              </lines>
            </method>
            <method name="(anonymous_7)" hits="48" signature="()V">
              <lines>
                <line number="80" hits="48"/>
              </lines>
            </method>
            <method name="(anonymous_8)" hits="41" signature="()V">
              <lines>
                <line number="135" hits="41"/>
              </lines>
            </method>
            <method name="(anonymous_9)" hits="41" signature="()V">
              <lines>
                <line number="141" hits="41"/>
              </lines>
            </method>
            <method name="(anonymous_10)" hits="3" signature="()V">
              <lines>
                <line number="160" hits="3"/>
              </lines>
            </method>
            <method name="(anonymous_11)" hits="1" signature="()V">
              <lines>
                <line number="169" hits="1"/>
              </lines>
            </method>
            <method name="(anonymous_12)" hits="1" signature="()V">
              <lines>
                <line number="189" hits="1"/>
              </lines>
            </method>
            <method name="(anonymous_13)" hits="2" signature="()V">
              <lines>
                <line number="195" hits="2"/>
              </lines>
            </method>
            <method name="(anonymous_14)" hits="1" signature="()V">
              <lines>
                <line number="208" hits="1"/>
              </lines>
            </method>
            <method name="(anonymous_15)" hits="83" signature="()V">
              <lines>
                <line number="229" hits="83"/>
              </lines>
            </method>
            <method name="(anonymous_16)" hits="37" signature="()V">
              <lines>
                <line number="235" hits="37"/>
              </lines>
            </method>
            <method name="(anonymous_17)" hits="51" signature="()V">
              <lines>
                <line number="256" hits="51"/>
              </lines>
            </method>
            <method name="(anonymous_18)" hits="49" signature="()V">
              <lines>
                <line number="274" hits="49"/>
              </lines>
            </method>
            <method name="(anonymous_19)" hits="4" signature="()V">
              <lines>
                <line number="289" hits="4"/>
              </lines>
            </method>
            <method name="(anonymous_20)" hits="4" signature="()V">
              <lines>
                <line number="319" hits="4"/>
              </lines>
            </method>
            <method name="(anonymous_21)" hits="32" signature="()V">
              <lines>
                <line number="324" hits="32"/>
              </lines>
            </method>
            <method name="(anonymous_22)" hits="54" signature="()V">
              <lines>
                <line number="329" hits="54"/>
              </lines>
            </method>
            <method name="(anonymous_23)" hits="16" signature="()V">
              <lines>
                <line number="335" hits="16"/>
              </lines>
            </method>
            <method name="(anonymous_24)" hits="57" signature="()V">
              <lines>
                <line number="368" hits="57"/>
              </lines>
            </method>
            <method name="(anonymous_25)" hits="29" signature="()V">
              <lines>
                <line number="377" hits="29"/>
              </lines>
            </method>
            <method name="(anonymous_26)" hits="52" signature="()V">
              <lines>
                <line number="391" hits="52"/>
              </lines>
            </method>
            <method name="(anonymous_27)" hits="50" signature="()V">
              <lines>
                <line number="399" hits="50"/>
              </lines>
            </method>
            <method name="(anonymous_28)" hits="44" signature="()V">
              <lines>
                <line number="444" hits="44"/>
              </lines>
            </method>
            <method name="(anonymous_29)" hits="46" signature="()V">
              <lines>
                <line number="465" hits="46"/>
              </lines>
            </method>
            <method name="(anonymous_30)" hits="21" signature="()V">
              <lines>
                <line number="472" hits="21"/>
              </lines>
            </method>
            <method name="(anonymous_31)" hits="23" signature="()V">
              <lines>
                <line number="479" hits="23"/>
              </lines>
            </method>
            <method name="(anonymous_32)" hits="5" signature="()V">
              <lines>
                <line number="490" hits="5"/>
              </lines>
            </method>
            <method name="(anonymous_33)" hits="9" signature="()V">
              <lines>
                <line number="516" hits="9"/>
              </lines>
            </method>
            <method name="(anonymous_34)" hits="1" signature="()V">
              <lines>
                <line number="553" hits="1"/>
              </lines>
            </method>
            <method name="(anonymous_35)" hits="5" signature="()V">
              <lines>
                <line number="561" hits="5"/>
              </lines>
            </method>
            <method name="(anonymous_36)" hits="4" signature="()V">
              <lines>
                <line number="569" hits="4"/>
              </lines>
            </method>
            <method name="(anonymous_37)" hits="4" signature="()V">
              <lines>
                <line number="584" hits="4"/>
              </lines>
            </method>
            <method name="(anonymous_38)" hits="4" signature="()V">
              <lines>
                <line number="590" hits="4"/>
              </lines>
            </method>
            <method name="(anonymous_39)" hits="5" signature="()V">
              <lines>
                <line number="595" hits="5"/>
              </lines>
            </method>
            <method name="(anonymous_40)" hits="4" signature="()V">
              <lines>
                <line number="600" hits="4"/>
              </lines>
            </method>
            <method name="(anonymous_41)" hits="3" signature="()V">
              <lines>
                <line number="608" hits="3"/>
              </lines>
            </method>
            <method name="(anonymous_42)" hits="3" signature="()V">
              <lines>
                <line number="655" hits="3"/>
              </lines>
            </method>
            <method name="(anonymous_43)" hits="2" signature="()V">
              <lines>
                <line number="662" hits="2"/>
              </lines>
            </method>
            <method name="(anonymous_44)" hits="40" signature="()V">
              <lines>
                <line number="673" hits="40"/>
              </lines>
            </method>
            <method name="addFieldsToParent" hits="3" signature="()V">
              <lines>
                <line number="681" hits="3"/>
              </lines>
            </method>
            <method name="copyObject" hits="168" signature="()V">
              <lines>
                <line number="692" hits="168"/>
              </lines>
            </method>
            <method name="(anonymous_47)" hits="2260" signature="()V">
              <lines>
                <line number="697" hits="2260"/>
              </lines>
            </method>
            <method name="mapToJson" hits="107" signature="()V">
              <lines>
                <line number="706" hits="107"/>
              </lines>
            </method>
            <method name="(anonymous_49)" hits="76" signature="()V">
              <lines>
                <line number="710" hits="76"/>
              </lines>
            </method>
            <method name="mapResolve" hits="101" signature="()V">
              <lines>
                <line number="717" hits="101"/>
              </lines>
            </method>
            <method name="(anonymous_51)" hits="76" signature="()V">
              <lines>
                <line number="720" hits="76"/>
              </lines>
            </method>
            <method name="ResolveType" hits="46" signature="()V">
              <lines>
                <line number="725" hits="46"/>
              </lines>
            </method>
          </methods>
          <lines>
            <line number="3" hits="1" branch="false"/>
            <line number="4" hits="1" branch="false"/>
            <line number="6" hits="1" branch="false"/>
            <line number="7" hits="1" branch="false"/>
            <line number="10" hits="24" branch="false"/>
            <line number="25" hits="135" branch="false"/>
            <line number="26" hits="135" branch="false"/>
            <line number="27" hits="135" branch="false"/>
            <line number="28" hits="135" branch="false"/>
            <line number="29" hits="135" branch="false"/>
            <line number="48" hits="28" branch="false"/>
            <line number="52" hits="106" branch="true" condition-coverage="100% (2/2)"/>
            <line number="53" hits="99" branch="false"/>
            <line number="54" hits="99" branch="false"/>
            <line number="56" hits="99" branch="false"/>
            <line number="57" hits="128" branch="false"/>
            <line number="58" hits="128" branch="false"/>
            <line number="61" hits="99" branch="false"/>
            <line number="62" hits="99" branch="false"/>
            <line number="66" hits="79" branch="false"/>
            <line number="70" hits="99" branch="false"/>
            <line number="71" hits="99" branch="false"/>
            <line number="75" hits="101" branch="false"/>
            <line number="93" hits="48" branch="false"/>
            <line number="94" hits="48" branch="false"/>
            <line number="106" hits="48" branch="true" condition-coverage="100% (2/2)"/>
            <line number="107" hits="45" branch="false"/>
            <line number="120" hits="48" branch="false"/>
            <line number="121" hits="48" branch="true" condition-coverage="100% (4/4)"/>
            <line number="122" hits="48" branch="false"/>
            <line number="123" hits="48" branch="true" condition-coverage="100% (2/2)"/>
            <line number="124" hits="48" branch="false"/>
            <line number="125" hits="48" branch="false"/>
            <line number="126" hits="48" branch="false"/>
            <line number="127" hits="48" branch="false"/>
            <line number="128" hits="48" branch="false"/>
            <line number="136" hits="41" branch="false"/>
            <line number="137" hits="41" branch="false"/>
            <line number="138" hits="41" branch="false"/>
            <line number="142" hits="41" branch="false"/>
            <line number="143" hits="41" branch="false"/>
            <line number="154" hits="41" branch="false"/>
            <line number="155" hits="41" branch="false"/>
            <line number="161" hits="3" branch="false"/>
            <line number="162" hits="3" branch="false"/>
            <line number="163" hits="3" branch="false"/>
            <line number="164" hits="3" branch="false"/>
            <line number="176" hits="1" branch="false"/>
            <line number="177" hits="1" branch="false"/>
            <line number="184" hits="1" branch="true" condition-coverage="100% (2/2)"/>
            <line number="185" hits="1" branch="false"/>
            <line number="186" hits="1" branch="false"/>
            <line number="190" hits="1" branch="false"/>
            <line number="191" hits="1" branch="false"/>
            <line number="192" hits="1" branch="false"/>
            <line number="197" hits="2" branch="true" condition-coverage="100% (1/1)"/>
            <line number="201" hits="2" branch="false"/>
            <line number="202" hits="2" branch="false"/>
            <line number="203" hits="2" branch="false"/>
            <line number="204" hits="2" branch="false"/>
            <line number="205" hits="2" branch="false"/>
            <line number="209" hits="1" branch="false"/>
            <line number="210" hits="1" branch="false"/>
            <line number="213" hits="1" branch="false"/>
            <line number="214" hits="2" branch="false"/>
            <line number="224" hits="1" branch="false"/>
            <line number="230" hits="83" branch="false"/>
            <line number="231" hits="83" branch="false"/>
            <line number="232" hits="83" branch="false"/>
            <line number="249" hits="37" branch="true" condition-coverage="100% (2/2)"/>
            <line number="250" hits="37" branch="false"/>
            <line number="251" hits="37" branch="false"/>
            <line number="253" hits="37" branch="false"/>
            <line number="257" hits="51" branch="false"/>
            <line number="259" hits="51" branch="true" condition-coverage="100% (2/2)"/>
            <line number="260" hits="4" branch="false"/>
            <line number="261" hits="4" branch="true" condition-coverage="100% (2/2)"/>
            <line number="266" hits="2" branch="false"/>
            <line number="271" hits="49" branch="false"/>
            <line number="275" hits="49" branch="false"/>
            <line number="277" hits="49" branch="true" condition-coverage="100% (2/2)"/>
            <line number="278" hits="2" branch="false"/>
            <line number="286" hits="47" branch="false"/>
            <line number="297" hits="4" branch="true" condition-coverage="100% (5/5)"/>
            <line number="298" hits="1" branch="false"/>
            <line number="301" hits="3" branch="false"/>
            <line number="302" hits="3" branch="false"/>
            <line number="303" hits="4" branch="false"/>
            <line number="316" hits="3" branch="false"/>
            <line number="325" hits="32" branch="false"/>
            <line number="326" hits="32" branch="false"/>
            <line number="330" hits="54" branch="false"/>
            <line number="331" hits="54" branch="false"/>
            <line number="332" hits="53" branch="false"/>
            <line number="347" hits="16" branch="true" condition-coverage="100% (4/4)"/>
            <line number="349" hits="9" branch="false"/>
            <line number="362" hits="9" branch="true" condition-coverage="100% (2/2)"/>
            <line number="363" hits="7" branch="false"/>
            <line number="365" hits="2" branch="false"/>
            <line number="369" hits="57" branch="false"/>
            <line number="370" hits="57" branch="false"/>
            <line number="371" hits="57" branch="false"/>
            <line number="372" hits="57" branch="false"/>
            <line number="378" hits="29" branch="false"/>
            <line number="379" hits="29" branch="false"/>
            <line number="380" hits="29" branch="false"/>
            <line number="381" hits="29" branch="false"/>
            <line number="382" hits="29" branch="false"/>
            <line number="383" hits="29" branch="false"/>
            <line number="384" hits="29" branch="false"/>
            <line number="392" hits="52" branch="false"/>
            <line number="400" hits="50" branch="true" condition-coverage="100% (2/2)"/>
            <line number="401" hits="1" branch="false"/>
            <line number="404" hits="49" branch="true" condition-coverage="100% (4/4)"/>
            <line number="410" hits="44" branch="true" condition-coverage="100% (2/2)"/>
            <line number="415" hits="1" branch="false"/>
            <line number="418" hits="43" branch="true" condition-coverage="100% (2/2)"/>
            <line number="419" hits="1" branch="false"/>
            <line number="422" hits="42" branch="true" condition-coverage="100% (2/2)"/>
            <line number="423" hits="1" branch="false"/>
            <line number="427" hits="41" branch="false"/>
            <line number="429" hits="41" branch="false"/>
            <line number="430" hits="41" branch="false"/>
            <line number="433" hits="5" branch="true" condition-coverage="100% (2/2)"/>
            <line number="436" hits="1" branch="false"/>
            <line number="437" hits="1" branch="false"/>
            <line number="438" hits="1" branch="false"/>
            <line number="441" hits="4" branch="false"/>
            <line number="446" hits="44" branch="true" condition-coverage="100% (1/1)"/>
            <line number="450" hits="44" branch="false"/>
            <line number="451" hits="44" branch="false"/>
            <line number="452" hits="99" branch="false"/>
            <line number="453" hits="99" branch="false"/>
            <line number="456" hits="99" branch="true" condition-coverage="100% (1/1)"/>
            <line number="460" hits="99" branch="false"/>
            <line number="462" hits="44" branch="false"/>
            <line number="466" hits="46" branch="false"/>
            <line number="467" hits="46" branch="false"/>
            <line number="468" hits="46" branch="false"/>
            <line number="469" hits="46" branch="false"/>
            <line number="473" hits="21" branch="false"/>
            <line number="474" hits="21" branch="false"/>
            <line number="476" hits="21" branch="false"/>
            <line number="480" hits="23" branch="false"/>
            <line number="481" hits="23" branch="false"/>
            <line number="482" hits="23" branch="false"/>
            <line number="483" hits="23" branch="false"/>
            <line number="485" hits="23" branch="false"/>
            <line number="491" hits="5" branch="false"/>
            <line number="492" hits="5" branch="false"/>
            <line number="499" hits="5" branch="false"/>
            <line number="500" hits="5" branch="false"/>
            <line number="501" hits="5" branch="false"/>
            <line number="502" hits="5" branch="true" condition-coverage="100% (2/2)"/>
            <line number="503" hits="5" branch="false"/>
            <line number="527" hits="9" branch="true" condition-coverage="100% (2/2)"/>
            <line number="528" hits="1" branch="false"/>
            <line number="531" hits="8" branch="true" condition-coverage="100% (2/2)"/>
            <line number="532" hits="1" branch="false"/>
            <line number="535" hits="7" branch="true" condition-coverage="100% (2/2)"/>
            <line number="536" hits="1" branch="false"/>
            <line number="539" hits="6" branch="true" condition-coverage="100% (2/2)"/>
            <line number="540" hits="2" branch="true" condition-coverage="100% (4/4)"/>
            <line number="541" hits="1" branch="false"/>
            <line number="544" hits="1" branch="false"/>
            <line number="546" hits="4" branch="false"/>
            <line number="549" hits="5" branch="false"/>
            <line number="550" hits="5" branch="false"/>
            <line number="554" hits="1" branch="false"/>
            <line number="555" hits="1" branch="false"/>
            <line number="556" hits="1" branch="false"/>
            <line number="562" hits="5" branch="false"/>
            <line number="563" hits="5" branch="false"/>
            <line number="565" hits="5" branch="false"/>
            <line number="566" hits="5" branch="false"/>
            <line number="571" hits="4" branch="true" condition-coverage="100% (1/1)"/>
            <line number="575" hits="4" branch="true" condition-coverage="100% (2/2)"/>
            <line number="576" hits="3" branch="false"/>
            <line number="577" hits="3" branch="false"/>
            <line number="578" hits="3" branch="false"/>
            <line number="581" hits="1" branch="false"/>
            <line number="585" hits="4" branch="false"/>
            <line number="591" hits="4" branch="false"/>
            <line number="592" hits="4" branch="false"/>
            <line number="596" hits="5" branch="false"/>
            <line number="597" hits="4" branch="false"/>
            <line number="601" hits="4" branch="false"/>
            <line number="602" hits="4" branch="false"/>
            <line number="603" hits="4" branch="false"/>
            <line number="629" hits="3" branch="true" condition-coverage="100% (3/3)"/>
            <line number="634" hits="3" branch="true" condition-coverage="100% (1/1)"/>
            <line number="639" hits="3" branch="true" condition-coverage="100% (1/1)"/>
            <line number="643" hits="3" branch="false"/>
            <line number="644" hits="3" branch="false"/>
            <line number="646" hits="3" branch="false"/>
            <line number="649" hits="3" branch="false"/>
            <line number="652" hits="3" branch="false"/>
            <line number="656" hits="3" branch="false"/>
            <line number="657" hits="3" branch="false"/>
            <line number="658" hits="2" branch="false"/>
            <line number="659" hits="2" branch="false"/>
            <line number="663" hits="2" branch="false"/>
            <line number="664" hits="2" branch="false"/>
            <line number="668" hits="2" branch="false"/>
            <line number="674" hits="40" branch="false"/>
            <line number="675" hits="40" branch="false"/>
            <line number="682" hits="3" branch="true" condition-coverage="100% (2/2)"/>
            <line number="683" hits="1" branch="false"/>
            <line number="695" hits="168" branch="false"/>
            <line number="697" hits="168" branch="false"/>
            <line number="698" hits="2260" branch="true" condition-coverage="100% (2/2)"/>
            <line number="699" hits="810" branch="false"/>
            <line number="703" hits="168" branch="false"/>
            <line number="707" hits="107" branch="true" condition-coverage="100% (2/2)"/>
            <line number="708" hits="57" branch="false"/>
            <line number="710" hits="57" branch="false"/>
            <line number="711" hits="76" branch="false"/>
            <line number="714" hits="57" branch="false"/>
            <line number="718" hits="101" branch="true" condition-coverage="100% (2/2)"/>
            <line number="720" hits="55" branch="false"/>
            <line number="721" hits="76" branch="false"/>
            <line number="726" hits="46" branch="true" condition-coverage="100% (2/2)"/>
            <line number="727" hits="11" branch="false"/>
            <line number="730" hits="11" branch="true" condition-coverage="100% (2/2)"/>
            <line number="731" hits="9" branch="false"/>
            <line number="732" hits="9" branch="true" condition-coverage="100% (2/2)"/>
            <line number="733" hits="2" branch="true" condition-coverage="100% (2/2)"/>
            <line number="734" hits="1" branch="false"/>
            <line number="736" hits="1" branch="false"/>
            <line number="740" hits="2" branch="false"/>
            <line number="743" hits="10" branch="false"/>
            <line number="746" hits="45" branch="false"/>
            <line number="749" hits="1" branch="false"/>
          </lines>
        </class>
        <class name="parse.js" filename="src/parse.js" line-rate="1" branch-rate="1">
          <methods>
            <method name="parse" hits="40" signature="()V">
              <lines>
                <line number="72" hits="40"/>
              </lines>
            </method>
            <method name="(anonymous_1)" hits="48" signature="()V">
              <lines>
                <line number="95" hits="48"/>
              </lines>
            </method>
            <method name="readString" hits="58" signature="()V">
              <lines>
                <line number="111" hits="58"/>
              </lines>
            </method>
            <method name="readValue" hits="29" signature="()V">
              <lines>
                <line number="125" hits="29"/>
              </lines>
            </method>
            <method name="readRanges" hits="9" signature="()V">
              <lines>
                <line number="150" hits="9"/>
              </lines>
            </method>
            <method name="parseNumber" hits="16" signature="()V">
              <lines>
                <line number="165" hits="16"/>
              </lines>
            </method>
            <method name="parseId" hits="70" signature="()V">
              <lines>
                <line number="197" hits="70"/>
              </lines>
            </method>
            <method name="parsePackage" hits="5" signature="()V">
              <lines>
                <line number="223" hits="5"/>
              </lines>
            </method>
            <method name="parseImport" hits="3" signature="()V">
              <lines>
                <line number="236" hits="3"/>
              </lines>
            </method>
            <method name="parseSyntax" hits="39" signature="()V">
              <lines>
                <line number="256" hits="39"/>
              </lines>
            </method>
            <method name="parseCommon" hits="100" signature="()V">
              <lines>
                <line number="267" hits="100"/>
              </lines>
            </method>
            <method name="ifBlock" hits="102" signature="()V">
              <lines>
                <line number="293" hits="102"/>
              </lines>
            </method>
            <method name="parseType" hits="28" signature="()V">
              <lines>
                <line number="313" hits="28"/>
              </lines>
            </method>
            <method name="(anonymous_13)" hits="55" signature="()V">
              <lines>
                <line number="318" hits="55"/>
              </lines>
            </method>
            <method name="parseField" hits="46" signature="()V">
              <lines>
                <line number="356" hits="46"/>
              </lines>
            </method>
            <method name="(anonymous_15)" hits="0" signature="()V">
              <lines>
                <line number="377" hits="0"/>
              </lines>
            </method>
            <method name="(anonymous_16)" hits="44" signature="()V">
              <lines>
                <line number="384" hits="44"/>
              </lines>
            </method>
            <method name="parseGroup" hits="1" signature="()V">
              <lines>
                <line number="402" hits="1"/>
              </lines>
            </method>
            <method name="(anonymous_18)" hits="3" signature="()V">
              <lines>
                <line number="417" hits="3"/>
              </lines>
            </method>
            <method name="parseMapField" hits="3" signature="()V">
              <lines>
                <line number="438" hits="3"/>
              </lines>
            </method>
            <method name="(anonymous_20)" hits="0" signature="()V">
              <lines>
                <line number="466" hits="0"/>
              </lines>
            </method>
            <method name="(anonymous_21)" hits="3" signature="()V">
              <lines>
                <line number="473" hits="3"/>
              </lines>
            </method>
            <method name="parseOneOf" hits="1" signature="()V">
              <lines>
                <line number="480" hits="1"/>
              </lines>
            </method>
            <method name="(anonymous_23)" hits="3" signature="()V">
              <lines>
                <line number="485" hits="3"/>
              </lines>
            </method>
            <method name="parseEnum" hits="5" signature="()V">
              <lines>
                <line number="497" hits="5"/>
              </lines>
            </method>
            <method name="(anonymous_25)" hits="14" signature="()V">
              <lines>
                <line number="502" hits="14"/>
              </lines>
            </method>
            <method name="parseEnumValue" hits="9" signature="()V">
              <lines>
                <line number="520" hits="9"/>
              </lines>
            </method>
            <method name="(anonymous_27)" hits="0" signature="()V">
              <lines>
                <line number="529" hits="0"/>
              </lines>
            </method>
            <method name="(anonymous_28)" hits="9" signature="()V">
              <lines>
                <line number="536" hits="9"/>
              </lines>
            </method>
            <method name="parseOption" hits="28" signature="()V">
              <lines>
                <line number="543" hits="28"/>
              </lines>
            </method>
            <method name="parseOptionValue" hits="30" signature="()V">
              <lines>
                <line number="564" hits="30"/>
              </lines>
            </method>
            <method name="setOption" hits="29" signature="()V">
              <lines>
                <line number="586" hits="29"/>
              </lines>
            </method>
            <method name="parseInlineOptions" hits="56" signature="()V">
              <lines>
                <line number="590" hits="56"/>
              </lines>
            </method>
            <method name="parseService" hits="5" signature="()V">
              <lines>
                <line number="600" hits="5"/>
              </lines>
            </method>
            <method name="(anonymous_34)" hits="7" signature="()V">
              <lines>
                <line number="605" hits="7"/>
              </lines>
            </method>
            <method name="parseMethod" hits="3" signature="()V">
              <lines>
                <line number="615" hits="3"/>
              </lines>
            </method>
            <method name="(anonymous_36)" hits="2" signature="()V">
              <lines>
                <line number="660" hits="2"/>
              </lines>
            </method>
            <method name="parseExtension" hits="3" signature="()V">
              <lines>
                <line number="670" hits="3"/>
              </lines>
            </method>
            <method name="(anonymous_38)" hits="3" signature="()V">
              <lines>
                <line number="675" hits="3"/>
              </lines>
            </method>
          </methods>
          <lines>
            <line number="3" hits="1" branch="false"/>
            <line number="5" hits="1" branch="false"/>
            <line number="6" hits="1" branch="false"/>
            <line number="14" hits="1" branch="false"/>
            <line number="15" hits="1" branch="false"/>
            <line number="16" hits="1" branch="false"/>
            <line number="27" hits="1" branch="false"/>
            <line number="29" hits="1" branch="false"/>
            <line number="30" hits="1" branch="false"/>
            <line number="31" hits="1" branch="false"/>
            <line number="32" hits="1" branch="false"/>
            <line number="33" hits="1" branch="false"/>
            <line number="34" hits="1" branch="false"/>
            <line number="35" hits="1" branch="false"/>
            <line number="36" hits="1" branch="false"/>
            <line number="37" hits="1" branch="false"/>
            <line number="38" hits="1" branch="false"/>
            <line number="74" hits="40" branch="false"/>
            <line number="76" hits="40" branch="false"/>
            <line number="78" hits="40" branch="true" condition-coverage="100% (2/2)"/>
            <line number="79" hits="40" branch="false"/>
            <line number="80" hits="40" branch="false"/>
            <line number="81" hits="40" branch="false"/>
            <line number="82" hits="40" branch="false"/>
            <line number="83" hits="40" branch="false"/>
            <line number="85" hits="40" branch="false"/>
            <line number="90" hits="40" branch="false"/>
            <line number="92" hits="40" branch="false"/>
            <line number="94" hits="40" branch="true" condition-coverage="100% (2/2)"/>
            <line number="96" hits="48" branch="false"/>
            <line number="112" hits="58" branch="false"/>
            <line number="114" hits="58" branch="false"/>
            <line number="116" hits="58" branch="true" condition-coverage="100% (3/3)"/>
            <line number="118" hits="58" branch="false"/>
            <line number="119" hits="58" branch="false"/>
            <line number="120" hits="58" branch="false"/>
            <line number="122" hits="58" branch="false"/>
            <line number="126" hits="29" branch="false"/>
            <line number="127" hits="29" branch="true" condition-coverage="100% (6/6)"/>
            <line number="130" hits="11" branch="false"/>
            <line number="131" hits="11" branch="false"/>
            <line number="134" hits="1" branch="false"/>
            <line number="137" hits="1" branch="false"/>
            <line number="139" hits="16" branch="false"/>
            <line number="140" hits="16" branch="false"/>
            <line number="143" hits="7" branch="true" condition-coverage="100% (3/3)"/>
            <line number="153" hits="9" branch="false"/>
            <line number="154" hits="14" branch="true" condition-coverage="100% (5/5)"/>
            <line number="155" hits="6" branch="false"/>
            <line number="157" hits="8" branch="false"/>
            <line number="162" hits="9" branch="false"/>
            <line number="166" hits="16" branch="false"/>
            <line number="167" hits="16" branch="true" condition-coverage="100% (2/2)"/>
            <line number="168" hits="1" branch="false"/>
            <line number="169" hits="1" branch="false"/>
            <line number="186" hits="13" branch="true" condition-coverage="100% (2/2)"/>
            <line number="187" hits="9" branch="true" condition-coverage="100% (2/2)"/>
            <line number="188" hits="8" branch="true" condition-coverage="100% (2/2)"/>
            <line number="198" hits="70" branch="true" condition-coverage="100% (4/4)"/>
            <line number="202" hits="1" branch="false"/>
            <line number="204" hits="1" branch="false"/>
            <line number="208" hits="68" branch="true" condition-coverage="100% (3/3)"/>
            <line number="225" hits="5" branch="true" condition-coverage="100% (1/1)"/>
            <line number="227" hits="5" branch="false"/>
            <line number="230" hits="5" branch="true" condition-coverage="100% (1/1)"/>
            <line number="232" hits="4" branch="false"/>
            <line number="233" hits="3" branch="false"/>
            <line number="237" hits="3" branch="false"/>
            <line number="239" hits="3" branch="true" condition-coverage="100% (3/3)"/>
            <line number="241" hits="1" branch="true" condition-coverage="100% (2/2)"/>
            <line number="242" hits="1" branch="false"/>
            <line number="243" hits="1" branch="false"/>
            <line number="245" hits="1" branch="false"/>
            <line number="248" hits="2" branch="true" condition-coverage="100% (2/2)"/>
            <line number="249" hits="2" branch="false"/>
            <line number="251" hits="3" branch="false"/>
            <line number="252" hits="3" branch="false"/>
            <line number="253" hits="3" branch="false"/>
            <line number="257" hits="39" branch="false"/>
            <line number="258" hits="38" branch="false"/>
            <line number="259" hits="38" branch="false"/>
            <line number="264" hits="38" branch="false"/>
            <line number="268" hits="100" branch="true" condition-coverage="100% (5/5)"/>
            <line number="270" hits="7" branch="false"/>
            <line number="271" hits="7" branch="false"/>
            <line number="272" hits="7" branch="false"/>
            <line number="275" hits="28" branch="false"/>
            <line number="276" hits="23" branch="false"/>
            <line number="279" hits="5" branch="false"/>
            <line number="280" hits="1" branch="false"/>
            <line number="283" hits="5" branch="false"/>
            <line number="284" hits="5" branch="false"/>
            <line number="287" hits="3" branch="false"/>
            <line number="288" hits="3" branch="false"/>
            <line number="290" hits="52" branch="false"/>
            <line number="294" hits="102" branch="false"/>
            <line number="295" hits="102" branch="true" condition-coverage="100% (2/2)"/>
            <line number="296" hits="99" branch="true" condition-coverage="100% (2/2)"/>
            <line number="297" hits="96" branch="false"/>
            <line number="299" hits="99" branch="false"/>
            <line number="301" hits="102" branch="true" condition-coverage="100% (2/2)"/>
            <line number="303" hits="87" branch="false"/>
            <line number="304" hits="35" branch="false"/>
            <line number="306" hits="58" branch="true" condition-coverage="100% (2/2)"/>
            <line number="307" hits="58" branch="false"/>
            <line number="308" hits="58" branch="true" condition-coverage="100% (4/4)"/>
            <line number="309" hits="51" branch="false"/>
            <line number="315" hits="28" branch="true" condition-coverage="100% (1/1)"/>
            <line number="317" hits="28" branch="false"/>
            <line number="318" hits="28" branch="false"/>
            <line number="319" hits="55" branch="true" condition-coverage="100% (2/2)"/>
            <line number="321" hits="48" branch="true" condition-coverage="100% (8/8)"/>
            <line number="323" hits="3" branch="false"/>
            <line number="324" hits="3" branch="false"/>
            <line number="329" hits="4" branch="false"/>
            <line number="330" hits="4" branch="false"/>
            <line number="333" hits="1" branch="false"/>
            <line number="334" hits="1" branch="false"/>
            <line number="337" hits="1" branch="true" condition-coverage="100% (2/2)"/>
            <line number="338" hits="1" branch="false"/>
            <line number="341" hits="4" branch="true" condition-coverage="100% (2/2)"/>
            <line number="342" hits="4" branch="false"/>
            <line number="346" hits="35" branch="true" condition-coverage="100% (3/3)"/>
            <line number="348" hits="35" branch="false"/>
            <line number="349" hits="35" branch="false"/>
            <line number="350" hits="30" branch="false"/>
            <line number="353" hits="23" branch="false"/>
            <line number="357" hits="46" branch="false"/>
            <line number="358" hits="46" branch="true" condition-coverage="100% (2/2)"/>
            <line number="359" hits="1" branch="false"/>
            <line number="360" hits="1" branch="false"/>
            <line number="364" hits="45" branch="true" condition-coverage="100% (1/1)"/>
            <line number="366" hits="45" branch="false"/>
            <line number="369" hits="45" branch="true" condition-coverage="100% (1/1)"/>
            <line number="371" hits="45" branch="false"/>
            <line number="372" hits="45" branch="false"/>
            <line number="374" hits="45" branch="false"/>
            <line number="375" hits="44" branch="false"/>
            <line number="385" hits="44" branch="false"/>
            <line number="388" hits="44" branch="false"/>
            <line number="403" hits="1" branch="false"/>
            <line number="406" hits="1" branch="true" condition-coverage="100% (1/1)"/>
            <line number="408" hits="1" branch="false"/>
            <line number="411" hits="1" branch="false"/>
            <line number="412" hits="1" branch="false"/>
            <line number="413" hits="1" branch="false"/>
            <line number="414" hits="1" branch="false"/>
            <line number="415" hits="1" branch="false"/>
            <line number="416" hits="1" branch="false"/>
            <line number="417" hits="1" branch="false"/>
            <line number="418" hits="3" branch="true" condition-coverage="100% (4/4)"/>
            <line number="420" hits="1" branch="false"/>
            <line number="421" hits="1" branch="false"/>
            <line number="422" hits="1" branch="false"/>
            <line number="427" hits="2" branch="false"/>
            <line number="428" hits="2" branch="false"/>
            <line number="435" hits="1" branch="false"/>
            <line number="439" hits="3" branch="false"/>
            <line number="440" hits="3" branch="false"/>
            <line number="443" hits="3" branch="true" condition-coverage="100% (1/1)"/>
            <line number="445" hits="3" branch="false"/>
            <line number="446" hits="3" branch="false"/>
            <line number="449" hits="3" branch="true" condition-coverage="100% (1/1)"/>
            <line number="451" hits="3" branch="false"/>
            <line number="452" hits="3" branch="false"/>
            <line number="455" hits="3" branch="true" condition-coverage="100% (1/1)"/>
            <line number="457" hits="3" branch="false"/>
            <line number="458" hits="3" branch="false"/>
            <line number="464" hits="3" branch="false"/>
            <line number="474" hits="3" branch="false"/>
            <line number="477" hits="3" branch="false"/>
            <line number="482" hits="1" branch="true" condition-coverage="100% (1/1)"/>
            <line number="484" hits="1" branch="false"/>
            <line number="485" hits="1" branch="false"/>
            <line number="486" hits="3" branch="true" condition-coverage="100% (2/2)"/>
            <line number="487" hits="1" branch="false"/>
            <line number="488" hits="1" branch="false"/>
            <line number="490" hits="2" branch="false"/>
            <line number="491" hits="2" branch="false"/>
            <line number="494" hits="1" branch="false"/>
            <line number="499" hits="5" branch="true" condition-coverage="100% (1/1)"/>
            <line number="501" hits="5" branch="false"/>
            <line number="502" hits="5" branch="false"/>
            <line number="503" hits="14" branch="true" condition-coverage="100% (3/3)"/>
            <line number="505" hits="1" branch="false"/>
            <line number="506" hits="1" branch="false"/>
            <line number="507" hits="1" branch="false"/>
            <line number="510" hits="4" branch="true" condition-coverage="100% (2/2)"/>
            <line number="511" hits="4" branch="false"/>
            <line number="514" hits="9" branch="false"/>
            <line number="517" hits="1" branch="false"/>
            <line number="522" hits="9" branch="true" condition-coverage="100% (1/1)"/>
            <line number="524" hits="9" branch="false"/>
            <line number="525" hits="9" branch="false"/>
            <line number="526" hits="9" branch="false"/>
            <line number="527" hits="9" branch="false"/>
            <line number="537" hits="9" branch="false"/>
            <line number="540" hits="9" branch="false"/>
            <line number="544" hits="28" branch="false"/>
            <line number="547" hits="28" branch="true" condition-coverage="100% (1/1)"/>
            <line number="549" hits="28" branch="false"/>
            <line number="550" hits="28" branch="true" condition-coverage="100% (2/2)"/>
            <line number="551" hits="13" branch="false"/>
            <line number="552" hits="13" branch="false"/>
            <line number="553" hits="13" branch="false"/>
            <line number="560" hits="28" branch="false"/>
            <line number="561" hits="28" branch="false"/>
            <line number="565" hits="30" branch="true" condition-coverage="100% (2/2)"/>
            <line number="567" hits="4" branch="false"/>
            <line number="569" hits="5" branch="true" condition-coverage="100% (1/1)"/>
            <line number="571" hits="5" branch="true" condition-coverage="100% (2/2)"/>
            <line number="575" hits="4" branch="false"/>
            <line number="576" hits="4" branch="true" condition-coverage="100% (2/2)"/>
            <line number="577" hits="3" branch="false"/>
            <line number="582" hits="26" branch="false"/>
            <line number="587" hits="29" branch="true" condition-coverage="100% (2/2)"/>
            <line number="591" hits="56" branch="true" condition-coverage="100% (2/2)"/>
            <line number="592" hits="11" branch="false"/>
            <line number="593" hits="13" branch="false"/>
            <line number="595" hits="11" branch="false"/>
            <line number="597" hits="56" branch="false"/>
            <line number="602" hits="5" branch="true" condition-coverage="100% (1/1)"/>
            <line number="604" hits="5" branch="false"/>
            <line number="605" hits="5" branch="false"/>
            <line number="606" hits="7" branch="true" condition-coverage="100% (2/2)"/>
            <line number="609" hits="3" branch="true" condition-coverage="100% (1/1)"/>
            <line number="612" hits="5" branch="false"/>
            <line number="618" hits="3" branch="false"/>
            <line number="620" hits="3" branch="false"/>
            <line number="623" hits="3" branch="true" condition-coverage="100% (1/1)"/>
            <line number="625" hits="3" branch="false"/>
            <line number="631" hits="3" branch="false"/>
            <line number="636" hits="3" branch="true" condition-coverage="100% (1/1)"/>
            <line number="638" hits="3" branch="false"/>
            <line number="639" hits="3" branch="false"/>
            <line number="640" hits="3" branch="false"/>
            <line number="641" hits="3" branch="false"/>
            <line number="646" hits="3" branch="true" condition-coverage="100% (1/1)"/>
            <line number="648" hits="3" branch="false"/>
            <line number="649" hits="3" branch="false"/>
            <line number="651" hits="3" branch="false"/>
            <line number="659" hits="3" branch="false"/>
            <line number="660" hits="3" branch="false"/>
            <line number="662" hits="2" branch="true" condition-coverage="100% (1/1)"/>
            <line number="663" hits="2" branch="false"/>
            <line number="664" hits="2" branch="false"/>
            <line number="667" hits="3" branch="false"/>
            <line number="672" hits="3" branch="true" condition-coverage="100% (1/1)"/>
            <line number="674" hits="3" branch="false"/>
            <line number="675" hits="3" branch="false"/>
            <line number="676" hits="3" branch="true" condition-coverage="100% (4/4)"/>
            <line number="680" hits="1" branch="false"/>
            <line number="681" hits="1" branch="false"/>
            <line number="685" hits="2" branch="true" condition-coverage="100% (3/3)"/>
            <line number="686" hits="2" branch="false"/>
            <line number="687" hits="2" branch="false"/>
            <line number="688" hits="2" branch="false"/>
            <line number="694" hits="40" branch="false"/>
            <line number="695" hits="88" branch="true" condition-coverage="100% (5/5)"/>
            <line number="698" hits="5" branch="true" condition-coverage="100% (1/1)"/>
            <line number="700" hits="5" branch="false"/>
            <line number="701" hits="3" branch="false"/>
            <line number="705" hits="3" branch="true" condition-coverage="100% (1/1)"/>
            <line number="707" hits="3" branch="false"/>
            <line number="708" hits="3" branch="false"/>
            <line number="712" hits="39" branch="true" condition-coverage="100% (1/1)"/>
            <line number="714" hits="39" branch="false"/>
            <line number="715" hits="38" branch="false"/>
            <line number="718" hits="3" branch="false"/>
            <line number="719" hits="3" branch="false"/>
            <line number="720" hits="3" branch="false"/>
            <line number="724" hits="38" branch="true" condition-coverage="100% (1/1)"/>
            <line number="725" hits="28" branch="false"/>
            <line number="726" hits="28" branch="false"/>
            <line number="734" hits="27" branch="false"/>
            <line number="736" hits="27" branch="true" condition-coverage="100% (2/2)"/>
            <line number="737" hits="1" branch="false"/>
            <line number="738" hits="1" branch="false"/>
            <line number="739" hits="26" branch="true" condition-coverage="100% (2/2)"/>
            <line number="740" hits="23" branch="false"/>
            <line number="741" hits="23" branch="false"/>
            <line number="744" hits="26" branch="true" condition-coverage="100% (2/2)"/>
            <line number="745" hits="25" branch="false"/>
            <line number="748" hits="26" branch="false"/>
          </lines>
        </class>
        <class name="tokenize.js" filename="src/tokenize.js" line-rate="1" branch-rate="0.9831">
          <methods>
            <method name="unescape" hits="58" signature="()V">
              <lines>
                <line number="29" hits="58"/>
              </lines>
            </method>
            <method name="(anonymous_1)" hits="0" signature="()V">
              <lines>
                <line number="30" hits="0"/>
              </lines>
            </method>
            <method name="tokenize" hits="40" signature="()V">
              <lines>
                <line number="101" hits="40"/>
              </lines>
            </method>
            <method name="readString" hits="58" signature="()V">
              <lines>
                <line number="138" hits="58"/>
              </lines>
            </method>
            <method name="charAt" hits="7332" signature="()V">
              <lines>
                <line number="156" hits="7332"/>
              </lines>
            </method>
            <method name="setComment" hits="38" signature="()V">
              <lines>
                <line number="167" hits="38"/>
              </lines>
            </method>
            <method name="isDoubleSlashCommentLine" hits="58" signature="()V">
              <lines>
                <line number="195" hits="58"/>
              </lines>
            </method>
            <method name="findEndOfLine" hits="87" signature="()V">
              <lines>
                <line number="207" hits="87"/>
              </lines>
            </method>
            <method name="next" hits="1633" signature="()V">
              <lines>
                <line number="221" hits="1633"/>
              </lines>
            </method>
            <method name="push" hits="627" signature="()V">
              <lines>
                <line number="333" hits="627"/>
              </lines>
            </method>
            <method name="peek" hits="809" signature="()V">
              <lines>
                <line number="342" hits="809"/>
              </lines>
            </method>
            <method name="skip" hits="663" signature="()V">
              <lines>
                <line number="359" hits="663"/>
              </lines>
            </method>
            <method name="cmnt" hits="150" signature="()V">
              <lines>
                <line number="376" hits="150"/>
              </lines>
            </method>
            <method name="(anonymous_13)" hits="112" signature="()V">
              <lines>
                <line number="417" hits="112"/>
              </lines>
            </method>
          </methods>
          <lines>
            <line number="3" hits="1" branch="false"/>
            <line number="5" hits="1" branch="false"/>
            <line number="6" hits="1" branch="false"/>
            <line number="7" hits="1" branch="false"/>
            <line number="9" hits="1" branch="false"/>
            <line number="10" hits="1" branch="false"/>
            <line number="11" hits="1" branch="false"/>
            <line number="12" hits="1" branch="false"/>
            <line number="13" hits="1" branch="false"/>
            <line number="15" hits="1" branch="false"/>
            <line number="30" hits="58" branch="false"/>
            <line number="42" hits="1" branch="false"/>
            <line number="103" hits="40" branch="false"/>
            <line number="105" hits="40" branch="false"/>
            <line number="106" hits="40" branch="false"/>
            <line number="107" hits="40" branch="false"/>
            <line number="108" hits="40" branch="false"/>
            <line number="109" hits="40" branch="false"/>
            <line number="110" hits="40" branch="false"/>
            <line number="111" hits="40" branch="false"/>
            <line number="112" hits="40" branch="false"/>
            <line number="114" hits="40" branch="false"/>
            <line number="116" hits="40" branch="false"/>
            <line number="139" hits="58" branch="true" condition-coverage="100% (2/2)"/>
            <line number="140" hits="58" branch="false"/>
            <line number="141" hits="58" branch="false"/>
            <line number="144" hits="58" branch="false"/>
            <line number="145" hits="58" branch="false"/>
            <line number="146" hits="58" branch="false"/>
            <line number="147" hits="58" branch="false"/>
            <line number="157" hits="7332" branch="false"/>
            <line number="168" hits="38" branch="false"/>
            <line number="169" hits="38" branch="false"/>
            <line number="170" hits="38" branch="false"/>
            <line number="172" hits="38" branch="true" condition-coverage="100% (2/2)"/>
            <line number="173" hits="37" branch="false"/>
            <line number="175" hits="1" branch="false"/>
            <line number="177" hits="38" branch="false"/>
            <line number="179" hits="38" branch="false"/>
            <line number="180" hits="56" branch="true" condition-coverage="100% (4/4)"/>
            <line number="181" hits="26" branch="false"/>
            <line number="182" hits="26" branch="false"/>
            <line number="185" hits="38" branch="false"/>
            <line number="186" hits="38" branch="false"/>
            <line number="187" hits="73" branch="false"/>
            <line number="191" hits="38" branch="false"/>
            <line number="192" hits="38" branch="false"/>
            <line number="196" hits="58" branch="false"/>
            <line number="199" hits="58" branch="false"/>
            <line number="203" hits="58" branch="true" condition-coverage="100% (2/2)"/>
            <line number="204" hits="58" branch="false"/>
            <line number="209" hits="87" branch="false"/>
            <line number="210" hits="87" branch="true" condition-coverage="100% (2/2)"/>
            <line number="211" hits="1182" branch="false"/>
            <line number="213" hits="87" branch="false"/>
            <line number="222" hits="1633" branch="true" condition-coverage="100% (2/2)"/>
            <line number="223" hits="1014" branch="true" condition-coverage="100% (2/2)"/>
            <line number="229" hits="956" branch="false"/>
            <line number="230" hits="996" branch="true" condition-coverage="100% (2/2)"/>
            <line number="231" hits="973" branch="false"/>
            <line number="232" hits="973" branch="false"/>
            <line number="233" hits="1086" branch="true" condition-coverage="100% (2/2)"/>
            <line number="234" hits="1086" branch="true" condition-coverage="100% (2/2)"/>
            <line number="237" hits="946" branch="true" condition-coverage="100% (2/2)"/>
            <line number="242" hits="40" branch="true" condition-coverage="100% (2/2)"/>
            <line number="244" hits="31" branch="true" condition-coverage="100% (2/2)"/>
            <line number="246" hits="2" branch="false"/>
            <line number="248" hits="2" branch="false"/>
            <line number="254" hits="2" branch="false"/>
            <line number="259" hits="2" branch="false"/>
            <line number="260" hits="2" branch="false"/>
            <line number="263" hits="29" branch="false"/>
            <line number="264" hits="29" branch="false"/>
            <line number="284" hits="29" branch="false"/>
            <line number="285" hits="29" branch="false"/>
            <line number="287" hits="9" branch="true" condition-coverage="50% (1/2)"/>
            <line number="290" hits="9" branch="false"/>
            <line number="291" hits="9" branch="true" condition-coverage="100% (2/2)"/>
            <line number="292" hits="9" branch="false"/>
            <line number="293" hits="86" branch="true" condition-coverage="100% (2/2)"/>
            <line number="294" hits="6" branch="false"/>
            <line number="300" hits="86" branch="false"/>
            <line number="301" hits="86" branch="false"/>
            <line number="303" hits="9" branch="false"/>
            <line number="308" hits="9" branch="false"/>
            <line number="318" hits="906" branch="false"/>
            <line number="319" hits="906" branch="false"/>
            <line number="320" hits="906" branch="false"/>
            <line number="321" hits="1599" branch="true" condition-coverage="100% (4/4)"/>
            <line number="322" hits="906" branch="false"/>
            <line number="323" hits="906" branch="true" condition-coverage="100% (4/4)"/>
            <line number="324" hits="906" branch="false"/>
            <line number="334" hits="627" branch="false"/>
            <line number="343" hits="809" branch="true" condition-coverage="100% (2/2)"/>
            <line number="344" hits="542" branch="false"/>
            <line number="345" hits="542" branch="true" condition-coverage="100% (2/2)"/>
            <line number="346" hits="519" branch="false"/>
            <line number="348" hits="786" branch="false"/>
            <line number="360" hits="663" branch="false"/>
            <line number="361" hits="663" branch="false"/>
            <line number="362" hits="663" branch="true" condition-coverage="100% (2/2)"/>
            <line number="363" hits="447" branch="false"/>
            <line number="364" hits="447" branch="false"/>
            <line number="366" hits="216" branch="true" condition-coverage="100% (2/2)"/>
            <line number="367" hits="215" branch="false"/>
            <line number="377" hits="150" branch="false"/>
            <line number="378" hits="150" branch="true" condition-coverage="100% (2/2)"/>
            <line number="390" hits="51" branch="true" condition-coverage="100% (1/1)"/>
            <line number="391" hits="50" branch="false"/>
            <line number="404" hits="150" branch="false"/>
            <line number="407" hits="40" branch="false"/>
            <line number="418" hits="112" branch="false"/>
          </lines>
        </class>
        <class name="ts_type.js" filename="src/ts_type.js" line-rate="1" branch-rate="1">
          <methods>
            <method name="getFieldType" hits="57" signature="()V">
              <lines>
                <line number="38" hits="57"/>
              </lines>
            </method>
          </methods>
          <lines>
            <line number="1" hits="1" branch="false"/>
            <line number="21" hits="1" branch="false"/>
            <line number="39" hits="57" branch="true" condition-coverage="100% (2/2)"/>
            <line number="42" hits="57" branch="false"/>
            <line number="47" hits="57" branch="false"/>
            <line number="50" hits="1" branch="false"/>
          </lines>
        </class>
        <class name="types.js" filename="src/types.js" line-rate="1" branch-rate="1">
          <methods>
            <method name="bake" hits="5" signature="()V">
              <lines>
                <line number="29" hits="5"/>
              </lines>
            </method>
          </methods>
          <lines>
            <line number="7" hits="1" branch="false"/>
            <line number="9" hits="1" branch="false"/>
            <line number="11" hits="1" branch="false"/>
            <line number="30" hits="5" branch="false"/>
            <line number="31" hits="5" branch="false"/>
            <line number="32" hits="5" branch="false"/>
            <line number="33" hits="61" branch="false"/>
            <line number="34" hits="5" branch="false"/>
            <line number="57" hits="1" branch="false"/>
            <line number="96" hits="1" branch="false"/>
            <line number="125" hits="1" branch="false"/>
            <line number="153" hits="1" branch="false"/>
            <line number="189" hits="1" branch="false"/>
          </lines>
        </class>
        <class name="util.js" filename="src/util.js" line-rate="1" branch-rate="1">
          <methods>
            <method name="isObject" hits="102" signature="()V">
              <lines>
                <line number="6" hits="102"/>
              </lines>
            </method>
            <method name="isString" hits="208" signature="()V">
              <lines>
                <line number="10" hits="208"/>
              </lines>
            </method>
            <method name="isInteger" hits="57" signature="()V">
              <lines>
                <line number="17" hits="57"/>
              </lines>
            </method>
            <method name="camelCase" hits="1" signature="()V">
              <lines>
                <line number="25" hits="1"/>
              </lines>
            </method>
            <method name="(anonymous_4)" hits="1" signature="()V">
              <lines>
                <line number="28" hits="1"/>
              </lines>
            </method>
            <method name="lcFirst" hits="1" signature="()V">
              <lines>
                <line number="32" hits="1"/>
              </lines>
            </method>
            <method name="ucFirst" hits="1" signature="()V">
              <lines>
                <line number="36" hits="1"/>
              </lines>
            </method>
          </methods>
          <lines>
            <line number="1" hits="1" branch="false"/>
            <line number="7" hits="102" branch="true" condition-coverage="100% (2/2)"/>
            <line number="11" hits="208" branch="false"/>
            <line number="18" hits="57" branch="false"/>
            <line number="26" hits="1" branch="false"/>
            <line number="28" hits="1" branch="false"/>
            <line number="29" hits="1" branch="false"/>
            <line number="33" hits="1" branch="false"/>
            <line number="37" hits="1" branch="false"/>
            <line number="40" hits="1" branch="false"/>
          </lines>
        </class>
      </classes>
    </package>
  </packages>
</coverage>
